0 info it worked if it ends with ok
1 verbose cli [ '/usr/local/bin/node',
1 verbose cli   '/usr/local/bin/npm',
1 verbose cli   'run',
1 verbose cli   'test',
1 verbose cli   '--no-cache' ]
2 info using npm@6.1.0
3 info using node@v8.11.2
4 verbose run-script [ 'pretest', 'test', 'posttest' ]
5 info lifecycle buildit-website@4.0.2~pretest: buildit-website@4.0.2
6 info lifecycle buildit-website@4.0.2~test: buildit-website@4.0.2
7 verbose lifecycle buildit-website@4.0.2~test: unsafe-perm in lifecycle true
8 verbose lifecycle buildit-website@4.0.2~test: PATH: /usr/local/lib/node_modules/npm/node_modules/npm-lifecycle/node-gyp-bin:/Users/danielb/Documents/buildit/node_modules/.bin:/usr/local/bin:/usr/bin:/bin:/usr/sbin:/sbin
9 verbose lifecycle buildit-website@4.0.2~test: CWD: /Users/danielb/Documents/buildit
10 silly lifecycle buildit-website@4.0.2~test: Args: [ '-c', 'jest' ]
11 silly lifecycle buildit-website@4.0.2~test: Returned: code: 1  signal: null
12 info lifecycle buildit-website@4.0.2~test: Failed to exec test script
13 verbose stack Error: buildit-website@4.0.2 test: `jest`
13 verbose stack Exit status 1
13 verbose stack     at EventEmitter.<anonymous> (/usr/local/lib/node_modules/npm/node_modules/npm-lifecycle/index.js:304:16)
13 verbose stack     at emitTwo (events.js:126:13)
13 verbose stack     at EventEmitter.emit (events.js:214:7)
13 verbose stack     at ChildProcess.<anonymous> (/usr/local/lib/node_modules/npm/node_modules/npm-lifecycle/lib/spawn.js:55:14)
13 verbose stack     at emitTwo (events.js:126:13)
13 verbose stack     at ChildProcess.emit (events.js:214:7)
13 verbose stack     at maybeClose (internal/child_process.js:925:16)
13 verbose stack     at Process.ChildProcess._handle.onexit (internal/child_process.js:209:5)
14 verbose pkgid buildit-website@4.0.2
15 verbose cwd /Users/danielb/Documents/buildit
16 verbose Darwin 17.3.0
17 verbose argv "/usr/local/bin/node" "/usr/local/bin/npm" "run" "test" "--no-cache"
18 verbose node v8.11.2
19 verbose npm  v6.1.0
20 error code ELIFECYCLE
21 error errno 1
22 error buildit-website@4.0.2 test: `jest`
22 error Exit status 1
23 error Failed at the buildit-website@4.0.2 test script.
23 error This is probably not a problem with npm. There is likely additional logging output above.
24 verbose exit [ 1, true ]
